14:03:11.342 [main                     ] DEBUG Logger               - Configured Logger
14:03:11.365 [main                     ] DEBUG GameApplication      - Logging settings
Title: Project TD
Version: 0.0
Width: 800
Height: 800
Fullscreen: false
Intro: false
Profiling: false
Single step:false
App Mode: DEVELOPER
Menu Key: ESCAPE
Stage Style: DECORATED
Scene Factory: class com.almasb.fxgl.app.scene.SceneFactory

14:03:11.735 [JavaFX Application Thread] DEBUG FXGLApplication      - Initializing FXGL
14:03:11.740 [JavaFX Application Thread] INFO  Engine               - FXGL-17.3 (30.03.2023 11.49) on WINDOWS (J:19.0.1 FX:19.0.2)
14:03:11.741 [JavaFX Application Thread] DEBUG Engine               - JRE Vendor Name: Amazon.com Inc.
14:03:11.741 [JavaFX Application Thread] DEBUG Engine               - Running on OS: Windows 11 version 10.0
14:03:11.741 [JavaFX Application Thread] DEBUG Engine               - Architecture: amd64
14:03:11.741 [JavaFX Application Thread] INFO  Engine               - Source code and latest versions at: https://github.com/AlmasB/FXGL
14:03:11.741 [JavaFX Application Thread] INFO  Engine               -       Ask questions and discuss at: https://github.com/AlmasB/FXGL/discussions
14:03:11.741 [JavaFX Application Thread] INFO  Engine               -              Join the FXGL chat at: https://gitter.im/AlmasB/FXGL
14:03:11.862 [JavaFX Application Thread] DEBUG PrimaryStageWindow   - Creating a JavaFX scene
14:03:11.907 [JavaFX Application Thread] DEBUG PrimaryStageWindow   - Target settings size: 800.0 x 800.0
14:03:11.907 [JavaFX Application Thread] DEBUG PrimaryStageWindow   - Scaled scene size:    800.0 x 800.0
14:03:11.907 [JavaFX Application Thread] DEBUG PrimaryStageWindow   - Scaled ratio: (1.0, 1.0)
14:03:11.908 [JavaFX Application Thread] DEBUG PrimaryStageWindow   - Set initial scene to FXGLStartupScene
14:03:11.912 [JavaFX Application Thread] DEBUG PrimaryStageWindow   - Opening main window
14:03:12.019 [JavaFX Application Thread] DEBUG PrimaryStageWindow   - Window border size: (16.0, 39.0)
14:03:12.020 [JavaFX Application Thread] DEBUG PrimaryStageWindow   - Scaled size: 800.0 x 800.0
14:03:12.020 [JavaFX Application Thread] DEBUG PrimaryStageWindow   - Scaled ratio: (1.0, 1.0)
14:03:12.020 [JavaFX Application Thread] DEBUG PrimaryStageWindow   - Scene size: 800.0 x 800.0
14:03:12.020 [JavaFX Application Thread] DEBUG PrimaryStageWindow   - Stage size: 816.0 x 839.0
14:03:12.029 [FXGL Background Thread 1 ] DEBUG Engine               - Initializing environment variables
14:03:12.089 [FXGL Background Thread 1 ] DEBUG FXGLAssetLoaderServi - User app class for loading assets: class com.raxor.td.tdproject.Main
14:03:12.089 [FXGL Background Thread 1 ] DEBUG GameApplicationServi - Applying CSS: fxgl_dark.css
14:03:12.090 [FXGL Background Thread 1 ] DEBUG FXGLAssetLoaderServi - Loading from file system: jar:file:///C:/Users/figue/.m2/repository/com/github/almasb/fxgl/17.3/fxgl-17.3.jar!/fxglassets/ui/css/fxgl_dark.css
14:03:12.139 [FXGL Background Thread 1 ] DEBUG GameApplicationServi - Initializing application scenes
14:03:12.185 [FXGL Background Thread 1 ] DEBUG GameWorld            - Game world initialized
14:03:12.281 [FXGL Background Thread 1 ] DEBUG PhysicsWorld         - Physics world initialized: appHeight=800, physics.ppm=50,0
14:03:12.282 [FXGL Background Thread 1 ] DEBUG PhysicsWorld         - Using strategy: BRUTE_FORCE
14:03:12.286 [FXGL Background Thread 1 ] DEBUG GameScene            - Game scene initialized: 800x800
14:03:12.300 [FXGL Background Thread 1 ] DEBUG FXGL.DefaultMenu     - createMenuBodyGameMenu()
14:03:12.315 [FXGL Background Thread 1 ] DEBUG FXGL.DefaultMenu     - createOptionsMenu()
14:03:12.327 [FXGL Background Thread 1 ] DEBUG FXGLAssetLoaderServi - Loading from file system: jar:file:///C:/Users/figue/.m2/repository/com/github/almasb/fxgl/17.3/fxgl-17.3.jar!/fxglassets/textures/particles/smoke.png
14:03:12.435 [FXGL Background Thread 1 ] DEBUG FXGLAssetLoaderServi - Loading from file system: jar:file:///C:/Users/figue/.m2/repository/com/github/almasb/fxgl/17.3/fxgl-17.3.jar!/fxglassets/textures/particles/trace_horizontal.png
14:03:12.458 [FXGL Background Thread 1 ] DEBUG GameApplicationServi - Application scenes initialized
14:03:12.474 [FXGL Background Thread 1 ] DEBUG SystemBundleService  - Loading FXGL system data
14:03:12.480 [FXGL Background Thread 1 ] DEBUG FileSystemAccess     - Reading from: C:\Users\figue\IdeaProjects\TD-Project\system\fxgl.bundle
14:03:12.493 [FXGL Background Thread 1 ] DEBUG SystemBundleService  - Bundle FXGL: {}
14:03:12.494 [FXGL Background Thread 1 ] DEBUG UpdaterService       - Checking for updates
14:03:12.501 [FXGL Background Thread 4 ] DEBUG FXGLApplication      - Loading fonts
14:03:12.501 [FXGL Background Thread 4 ] DEBUG FXGLAssetLoaderServi - Loading from file system: jar:file:///C:/Users/figue/.m2/repository/com/github/almasb/fxgl/17.3/fxgl-17.3.jar!/fxglassets/ui/fonts/VarelaRound-Regular.ttf
14:03:12.502 [FXGL Background Thread 1 ] DEBUG FXGLApplication      - Loading default localization
14:03:12.503 [FXGL Background Thread 1 ] DEBUG FXGLAssetLoaderServi - Loading from file system: jar:file:///C:/Users/figue/.m2/repository/com/github/almasb/fxgl/17.3/fxgl-17.3.jar!/fxglassets/languages/english.lang
14:03:12.542 [FXGL Background Thread 1 ] INFO  FXGLApplication      - FXGL initialization took: 0,512 sec
14:03:12.544 [JavaFX Application Thread] DEBUG FXGLAssetLoaderServi - Loading from file system: jar:file:///C:/Users/figue/.m2/repository/com/github/almasb/fxgl/17.3/fxgl-17.3.jar!/fxglassets/textures/fxgl_icon.png
14:03:12.563 [JavaFX Application Thread] DEBUG FXGLAssetLoaderServi - Loading from file system: jar:file:///C:/Users/figue/.m2/repository/com/github/almasb/fxgl/17.3/fxgl-17.3.jar!/fxglassets/textures/fxgl_default_cursor.png
14:03:12.565 [FXGL Background Thread 4 ] DEBUG FXGLAssetLoaderServi - Loading from file system: jar:file:///C:/Users/figue/.m2/repository/com/github/almasb/fxgl/17.3/fxgl-17.3.jar!/fxglassets/ui/fonts/Abel-Regular.ttf
14:03:12.575 [FXGL Background Thread 4 ] DEBUG FXGLAssetLoaderServi - Loading from file system: jar:file:///C:/Users/figue/.m2/repository/com/github/almasb/fxgl/17.3/fxgl-17.3.jar!/fxglassets/ui/fonts/TerminalLandMono-Regular.otf
14:03:12.577 [JavaFX Application Thread] DEBUG Input                - Registered new binding: Screenshot - CTRL+8
14:03:12.578 [JavaFX Application Thread] DEBUG Input                - Registered new binding: System info dump - CTRL+9
14:03:12.578 [JavaFX Application Thread] DEBUG Input                - Registered new binding: Restart - CTRL+R
14:03:12.580 [JavaFX Application Thread] DEBUG Input                - Registered new binding: Toggle Debug Camera - CTRL+7
14:03:12.584 [FXGL Background Thread 4 ] DEBUG FXGLAssetLoaderServi - Loading from file system: jar:file:///C:/Users/figue/.m2/repository/com/github/almasb/fxgl/17.3/fxgl-17.3.jar!/fxglassets/ui/fonts/Courier-Prime.ttf
14:03:12.586 [JavaFX Application Thread] DEBUG LoopRunner           - Starting loop
14:03:12.586 [JavaFX Application Thread] DEBUG LoopRunner           - Initializing JavaFX AnimationTimerLoop
14:03:12.589 [JavaFX Application Thread] DEBUG GameApplicationServi - Starting new game
14:03:12.590 [JavaFX Application Thread] DEBUG Input                - Clearing active input actions
14:03:12.600 [JavaFX Application Thread] DEBUG GameApplicationServi - Removing overlay from FXGLStartupScene and adding to FXGLLoadingScene
14:03:12.601 [JavaFX Application Thread] DEBUG PrimaryStageWindow   - FXGLStartupScene -> FXGLLoadingScene
14:03:12.601 [JavaFX Application Thread] DEBUG GameApplicationServi - Clearing previous game
14:03:12.601 [JavaFX Application Thread] DEBUG GameScene            - Clearing game scene
14:03:12.601 [JavaFX Application Thread] DEBUG GameWorld            - Clearing game world
14:03:12.601 [JavaFX Application Thread] DEBUG PhysicsWorld         - Clearing physics world
14:03:12.604 [FXGL Background Thread 4 ] DEBUG FXGLApplication      - Initializing game
14:03:12.604 [JavaFX Application Thread] DEBUG FXGLApplication      - Registering font factories with UI factory
14:03:12.620 [FXGL Background Thread 4 ] DEBUG Input                - Registered new binding: spawn_turret - LMB
14:03:12.622 [FXGL Background Thread 4 ] INFO  FXGLApplication      - Game initialization took: 0,018 sec
14:03:12.658 [JavaFX Application Thread] DEBUG Input                - Clearing active input actions
14:03:12.664 [JavaFX Application Thread] DEBUG GameApplicationServi - Removing overlay from FXGLLoadingScene and adding to GameScene
14:03:12.664 [JavaFX Application Thread] DEBUG PrimaryStageWindow   - FXGLLoadingScene -> GameScene
14:03:13.096 [FXGL Background Thread 2 ] INFO  UpdaterService       - Your current version:  17.3
14:03:13.096 [FXGL Background Thread 2 ] INFO  UpdaterService       - Latest stable version: 21.1
14:03:15.498 [FXGL Background Thread 3 ] DEBUG Engine               - Logging environment variables
14:03:15.498 [FXGL Background Thread 3 ] DEBUG Engine               - achievements: []
14:03:15.498 [FXGL Background Thread 3 ] DEBUG Engine               - actualHeight: 800.0
14:03:15.498 [FXGL Background Thread 3 ] DEBUG Engine               - actualHeightProperty: ReadOnlyDoubleProperty [value: 800.0]
14:03:15.498 [FXGL Background Thread 3 ] DEBUG Engine               - actualWidth: 800.0
14:03:15.498 [FXGL Background Thread 3 ] DEBUG Engine               - actualWidthProperty: ReadOnlyDoubleProperty [value: 800.0]
14:03:15.498 [FXGL Background Thread 3 ] DEBUG Engine               - appIcon: fxgl_icon.png
14:03:15.499 [FXGL Background Thread 3 ] DEBUG Engine               - applicationMode: DEVELOPER
14:03:15.499 [FXGL Background Thread 3 ] DEBUG Engine               - cSSList: [fxgl_dark.css]
14:03:15.499 [FXGL Background Thread 3 ] DEBUG Engine               - collisionDetectionStrategy: BRUTE_FORCE
14:03:15.499 [FXGL Background Thread 3 ] DEBUG Engine               - configClass: Optional.empty
14:03:15.499 [FXGL Background Thread 3 ] DEBUG Engine               - credits: []
14:03:15.499 [FXGL Background Thread 3 ] DEBUG Engine               - defaultCursor: CursorInfo(imageName=fxgl_default_cursor.png, hotspotX=7.0, hotspotY=6.0)
14:03:15.499 [FXGL Background Thread 3 ] DEBUG Engine               - devBBoxColorProperty: ObjectProperty [value: 0xff0000ff]
14:03:15.499 [FXGL Background Thread 3 ] DEBUG Engine               - devEnableDebugCameraProperty: BooleanProperty [value: false]
14:03:15.499 [FXGL Background Thread 3 ] DEBUG Engine               - devSensorColorProperty: ObjectProperty [value: 0xffff00ff]
14:03:15.499 [FXGL Background Thread 3 ] DEBUG Engine               - devShowBBoxProperty: BooleanProperty [value: false]
14:03:15.499 [FXGL Background Thread 3 ] DEBUG Engine               - devShowPositionProperty: BooleanProperty [value: false]
14:03:15.499 [FXGL Background Thread 3 ] DEBUG Engine               - enabledMenuItems: []
14:03:15.499 [FXGL Background Thread 3 ] DEBUG Engine               - engineServices: [class com.almasb.fxgl.app.services.FXGLAssetLoaderService, class com.almasb.fxgl.app.FXGLApplication$GameApplicationService, class com.almasb.fxgl.app.services.FXGLDialogService, class com.almasb.fxgl.app.services.IOTaskExecutorService, class com.almasb.fxgl.io.FileSystemService, class com.almasb.fxgl.localization.LocalizationService, class com.almasb.fxgl.app.services.SystemBundleService, class com.almasb.fxgl.profile.SaveLoadService, class com.almasb.fxgl.ui.FXGLUIFactoryServiceProvider, class com.almasb.fxgl.ui.FXGLDialogFactoryServiceProvider, class com.almasb.fxgl.audio.AudioPlayer, class com.almasb.fxgl.notification.impl.NotificationServiceProvider, class com.almasb.fxgl.achievement.AchievementService, class com.almasb.fxgl.cutscene.CutsceneService, class com.almasb.fxgl.minigames.MiniGameService, class com.almasb.fxgl.net.NetService, class com.almasb.fxgl.app.services.UpdaterService, class com.almasb.fxgl.dev.DevService]
14:03:15.499 [FXGL Background Thread 3 ] DEBUG Engine               - fontGame: Abel-Regular.ttf
14:03:15.499 [FXGL Background Thread 3 ] DEBUG Engine               - fontMono: TerminalLandMono-Regular.otf
14:03:15.500 [FXGL Background Thread 3 ] DEBUG Engine               - fontSizeScaleUI: 1.0
14:03:15.500 [FXGL Background Thread 3 ] DEBUG Engine               - fontText: Courier-Prime.ttf
14:03:15.500 [FXGL Background Thread 3 ] DEBUG Engine               - fontUI: VarelaRound-Regular.ttf
14:03:15.500 [FXGL Background Thread 3 ] DEBUG Engine               - fullScreen: BooleanProperty [value: false]
14:03:15.500 [FXGL Background Thread 3 ] DEBUG Engine               - gameDifficulty: MEDIUM
14:03:15.500 [FXGL Background Thread 3 ] DEBUG Engine               - gameDifficultyProperty: ObjectProperty [value: MEDIUM]
14:03:15.500 [FXGL Background Thread 3 ] DEBUG Engine               - globalMusicVolume: 0.5
14:03:15.500 [FXGL Background Thread 3 ] DEBUG Engine               - globalMusicVolumeProperty: DoubleProperty [value: 0.5]
14:03:15.500 [FXGL Background Thread 3 ] DEBUG Engine               - globalSoundVolume: 0.5
14:03:15.500 [FXGL Background Thread 3 ] DEBUG Engine               - globalSoundVolumeProperty: DoubleProperty [value: 0.5]
14:03:15.500 [FXGL Background Thread 3 ] DEBUG Engine               - height: 800
14:03:15.500 [FXGL Background Thread 3 ] DEBUG Engine               - is3D: false
14:03:15.500 [FXGL Background Thread 3 ] DEBUG Engine               - isAndroid: false
14:03:15.500 [FXGL Background Thread 3 ] DEBUG Engine               - isBrowser: false
14:03:15.500 [FXGL Background Thread 3 ] DEBUG Engine               - isClickFeedbackEnabled: false
14:03:15.500 [FXGL Background Thread 3 ] DEBUG Engine               - isCloseConfirmation: false
14:03:15.500 [FXGL Background Thread 3 ] DEBUG Engine               - isDesktop: true
14:03:15.500 [FXGL Background Thread 3 ] DEBUG Engine               - isDeveloperMenuEnabled: false
14:03:15.500 [FXGL Background Thread 3 ] DEBUG Engine               - isEmbedded: false
14:03:15.500 [FXGL Background Thread 3 ] DEBUG Engine               - isEntityPreloadEnabled: true
14:03:15.500 [FXGL Background Thread 3 ] DEBUG Engine               - isExperimentalTiledLargeMap: false
14:03:15.501 [FXGL Background Thread 3 ] DEBUG Engine               - isFileSystemWriteAllowed: true
14:03:15.501 [FXGL Background Thread 3 ] DEBUG Engine               - isFullScreenAllowed: false
14:03:15.501 [FXGL Background Thread 3 ] DEBUG Engine               - isFullScreenFromStart: false
14:03:15.501 [FXGL Background Thread 3 ] DEBUG Engine               - isGameMenuEnabled: true
14:03:15.501 [FXGL Background Thread 3 ] DEBUG Engine               - isIOS: false
14:03:15.501 [FXGL Background Thread 3 ] DEBUG Engine               - isIntroEnabled: false
14:03:15.501 [FXGL Background Thread 3 ] DEBUG Engine               - isLinux: false
14:03:15.501 [FXGL Background Thread 3 ] DEBUG Engine               - isMac: false
14:03:15.501 [FXGL Background Thread 3 ] DEBUG Engine               - isMainMenuEnabled: false
14:03:15.501 [FXGL Background Thread 3 ] DEBUG Engine               - isManualResizeEnabled: false
14:03:15.501 [FXGL Background Thread 3 ] DEBUG Engine               - isMobile: false
14:03:15.501 [FXGL Background Thread 3 ] DEBUG Engine               - isNative: false
14:03:15.501 [FXGL Background Thread 3 ] DEBUG Engine               - isPauseMusicWhenMinimized: true
14:03:15.501 [FXGL Background Thread 3 ] DEBUG Engine               - isPreserveResizeRatio: false
14:03:15.501 [FXGL Background Thread 3 ] DEBUG Engine               - isProfilingEnabled: false
14:03:15.501 [FXGL Background Thread 3 ] DEBUG Engine               - isScaleAffectedOnResize: true
14:03:15.501 [FXGL Background Thread 3 ] DEBUG Engine               - isSingleStep: false
14:03:15.501 [FXGL Background Thread 3 ] DEBUG Engine               - isUserProfileEnabled: false
14:03:15.502 [FXGL Background Thread 3 ] DEBUG Engine               - isWindows: true
14:03:15.502 [FXGL Background Thread 3 ] DEBUG Engine               - language: ObjectProperty [value: ENGLISH]
14:03:15.502 [FXGL Background Thread 3 ] DEBUG Engine               - menuKey: ESCAPE
14:03:15.502 [FXGL Background Thread 3 ] DEBUG Engine               - mouseSensitivity: 0.2
14:03:15.502 [FXGL Background Thread 3 ] DEBUG Engine               - notificationViewClass: class com.almasb.fxgl.notification.view.XboxNotificationView
14:03:15.502 [FXGL Background Thread 3 ] DEBUG Engine               - pixelsPerMeter: 50.0
14:03:15.502 [FXGL Background Thread 3 ] DEBUG Engine               - platform: WINDOWS
14:03:15.502 [FXGL Background Thread 3 ] DEBUG Engine               - prefHeightProperty: ReadOnlyDoubleProperty [value: 800.0]
14:03:15.502 [FXGL Background Thread 3 ] DEBUG Engine               - prefWidthProperty: ReadOnlyDoubleProperty [value: 800.0]
14:03:15.502 [FXGL Background Thread 3 ] DEBUG Engine               - profileDir: profiles/
14:03:15.502 [FXGL Background Thread 3 ] DEBUG Engine               - profileName: StringProperty [value: DEFAULT]
14:03:15.502 [FXGL Background Thread 3 ] DEBUG Engine               - randomSeed: -1
14:03:15.502 [FXGL Background Thread 3 ] DEBUG Engine               - runtimeInfo: RuntimeInfo(platform=WINDOWS, version=17.3, build=30.03.2023 11.49)
14:03:15.502 [FXGL Background Thread 3 ] DEBUG Engine               - saveFileExt: sav
14:03:15.502 [FXGL Background Thread 3 ] DEBUG Engine               - scaledHeightProp$fxgl: DoubleProperty [bound, value: 800.0]
14:03:15.502 [FXGL Background Thread 3 ] DEBUG Engine               - scaledWidthProp$fxgl: DoubleProperty [bound, value: 800.0]
14:03:15.502 [FXGL Background Thread 3 ] DEBUG Engine               - sceneFactory: com.almasb.fxgl.app.scene.SceneFactory@15a99e74
14:03:15.503 [FXGL Background Thread 3 ] DEBUG Engine               - secondsIn24h: 60
14:03:15.503 [FXGL Background Thread 3 ] DEBUG Engine               - soundMenuBack: menu/back.wav
14:03:15.503 [FXGL Background Thread 3 ] DEBUG Engine               - soundMenuPress: menu/press.wav
14:03:15.503 [FXGL Background Thread 3 ] DEBUG Engine               - soundMenuSelect: menu/select.wav
14:03:15.503 [FXGL Background Thread 3 ] DEBUG Engine               - soundNotification: core/notification.wav
14:03:15.503 [FXGL Background Thread 3 ] DEBUG Engine               - stageStyle: DECORATED
14:03:15.503 [FXGL Background Thread 3 ] DEBUG Engine               - supportedLanguages: [ENGLISH, FRENCH, GERMAN, HUNGARIAN, RUSSIAN]
14:03:15.503 [FXGL Background Thread 3 ] DEBUG Engine               - ticksPerSecond: -1
14:03:15.503 [FXGL Background Thread 3 ] DEBUG Engine               - title: Project TD
14:03:15.503 [FXGL Background Thread 3 ] DEBUG Engine               - urlGithub: https://github.com/AlmasB/FXGL
14:03:15.503 [FXGL Background Thread 3 ] DEBUG Engine               - urlLeaderboard: http://fxgl-top.herokuapp.com/
14:03:15.503 [FXGL Background Thread 3 ] DEBUG Engine               - urlPOM: https://raw.githubusercontent.com/AlmasB/FXGL/release/README.md
14:03:15.503 [FXGL Background Thread 3 ] DEBUG Engine               - userAppClass: class com.raxor.td.tdproject.Main
14:03:15.503 [FXGL Background Thread 3 ] DEBUG Engine               - version: 0.0
14:03:15.503 [FXGL Background Thread 3 ] DEBUG Engine               - versionCheckDays: 7
14:03:15.503 [FXGL Background Thread 3 ] DEBUG Engine               - width: 800
14:03:15.503 [FXGL Background Thread 3 ] DEBUG Engine               - Logging services
14:03:15.503 [FXGL Background Thread 3 ] DEBUG Engine               - class com.almasb.fxgl.app.services.FXGLAssetLoaderService
14:03:15.503 [FXGL Background Thread 3 ] DEBUG Engine               - class com.almasb.fxgl.app.FXGLApplication$GameApplicationService
14:03:15.503 [FXGL Background Thread 3 ] DEBUG Engine               - class com.almasb.fxgl.app.services.FXGLDialogService
14:03:15.503 [FXGL Background Thread 3 ] DEBUG Engine               - class com.almasb.fxgl.app.services.IOTaskExecutorService
14:03:15.503 [FXGL Background Thread 3 ] DEBUG Engine               - class com.almasb.fxgl.io.FileSystemService
14:03:15.503 [FXGL Background Thread 3 ] DEBUG Engine               - class com.almasb.fxgl.localization.LocalizationService
14:03:15.503 [FXGL Background Thread 3 ] DEBUG Engine               - class com.almasb.fxgl.app.services.SystemBundleService
14:03:15.503 [FXGL Background Thread 3 ] DEBUG Engine               - class com.almasb.fxgl.profile.SaveLoadService
14:03:15.503 [FXGL Background Thread 3 ] DEBUG Engine               - class com.almasb.fxgl.ui.FXGLUIFactoryServiceProvider
14:03:15.503 [FXGL Background Thread 3 ] DEBUG Engine               - class com.almasb.fxgl.ui.FXGLDialogFactoryServiceProvider
14:03:15.503 [FXGL Background Thread 3 ] DEBUG Engine               - class com.almasb.fxgl.audio.AudioPlayer
14:03:15.504 [FXGL Background Thread 3 ] DEBUG Engine               - class com.almasb.fxgl.notification.impl.NotificationServiceProvider
14:03:15.504 [FXGL Background Thread 3 ] DEBUG Engine               - class com.almasb.fxgl.achievement.AchievementService
14:03:15.504 [FXGL Background Thread 3 ] DEBUG Engine               - class com.almasb.fxgl.cutscene.CutsceneService
14:03:15.504 [FXGL Background Thread 3 ] DEBUG Engine               - class com.almasb.fxgl.minigames.MiniGameService
14:03:15.504 [FXGL Background Thread 3 ] DEBUG Engine               - class com.almasb.fxgl.net.NetService
14:03:15.504 [FXGL Background Thread 3 ] DEBUG Engine               - class com.almasb.fxgl.app.services.UpdaterService
14:03:15.504 [FXGL Background Thread 3 ] DEBUG Engine               - class com.almasb.fxgl.dev.DevService
14:04:02.089 [JavaFX Application Thread] DEBUG LoopRunner           - Stopping loop
14:04:02.091 [JavaFX Application Thread] FATAL FXGLApplication      - Uncaught Exception:
java.lang.IllegalArgumentException: No EntityFactory has a method annotated @Spawns(big_zombie_mob)
	at com.almasb.fxgl.entity@17.3/com.almasb.fxgl.entity.GameWorld.create(GameWorld.kt:413)
	at com.almasb.fxgl.entity@17.3/com.almasb.fxgl.entity.GameWorld.spawn(GameWorld.kt:396)
	at com.almasb.fxgl.entity@17.3/com.almasb.fxgl.entity.GameWorld.spawn(GameWorld.kt:384)
	at com.almasb.fxgl.all@17.3/com.almasb.fxgl.dsl.FXGL$Companion.spawn(FXGL.kt:557)
	at com.almasb.fxgl.all@17.3/com.almasb.fxgl.dsl.FXGL.spawn(FXGL.kt)
	at com.raxor.td.tdproject/com.raxor.td.tdproject.Main.lambda$initGame$0(Main.java:62)
	at com.almasb.fxgl.core@17.3/com.almasb.fxgl.time.TimerAction.update(TimerAction.kt:69)
	at com.almasb.fxgl.core@17.3/com.almasb.fxgl.time.Timer.update(Timer.kt:38)
	at com.almasb.fxgl.scene@17.3/com.almasb.fxgl.scene.Scene.update(Scene.kt:104)
	at com.almasb.fxgl.all@17.3/com.almasb.fxgl.app.MainWindow$update$1.invoke(MainWindow.kt:115)
	at com.almasb.fxgl.all@17.3/com.almasb.fxgl.app.MainWindow$update$1.invoke(MainWindow.kt:115)
	at com.almasb.fxgl.core@17.3/com.almasb.fxgl.core.fsm.StateMachine.runOnActiveStates(StateMachine.kt:69)
	at com.almasb.fxgl.all@17.3/com.almasb.fxgl.app.MainWindow.update(MainWindow.kt:115)
	at com.almasb.fxgl.all@17.3/com.almasb.fxgl.app.FXGLApplication$GameApplicationService.onUpdate(FXGLApplication.kt:426)
	at com.almasb.fxgl.all@17.3/com.almasb.fxgl.app.Engine.loop(Engine.kt:134)
	at com.almasb.fxgl.all@17.3/com.almasb.fxgl.app.Engine.access$loop(Engine.kt:24)
	at com.almasb.fxgl.all@17.3/com.almasb.fxgl.app.Engine$loop$1.invoke(Engine.kt:28)
	at com.almasb.fxgl.all@17.3/com.almasb.fxgl.app.Engine$loop$1.invoke(Engine.kt:28)
	at com.almasb.fxgl.all@17.3/com.almasb.fxgl.app.LoopRunner.frame(LoopRunner.kt:103)
	at com.almasb.fxgl.all@17.3/com.almasb.fxgl.app.LoopRunner.access$frame(LoopRunner.kt:23)
	at com.almasb.fxgl.all@17.3/com.almasb.fxgl.app.LoopRunner$impl$2$1.onTick(LoopRunner.kt:57)
	at com.almasb.fxgl.all@17.3/com.almasb.fxgl.app.AnimationTimerLoop$timer$1.handle(LoopRunner.kt:137)
	at javafx.graphics@19.0.2/javafx.animation.AnimationTimer$AnimationTimerReceiver.lambda$handle$0(AnimationTimer.java:58)
	at java.base/java.security.AccessController.doPrivileged(AccessController.java:399)
	at javafx.graphics@19.0.2/javafx.animation.AnimationTimer$AnimationTimerReceiver.handle(AnimationTimer.java:57)
	at javafx.graphics@19.0.2/com.sun.scenario.animation.AbstractPrimaryTimer.timePulseImpl(AbstractPrimaryTimer.java:356)
	at javafx.graphics@19.0.2/com.sun.scenario.animation.AbstractPrimaryTimer$MainLoop.run(AbstractPrimaryTimer.java:266)
	at javafx.graphics@19.0.2/com.sun.javafx.tk.quantum.QuantumToolkit.pulse(QuantumToolkit.java:571)
	at javafx.graphics@19.0.2/com.sun.javafx.tk.quantum.QuantumToolkit.pulse(QuantumToolkit.java:555)
	at javafx.graphics@19.0.2/com.sun.javafx.tk.quantum.QuantumToolkit.pulseFromQueue(QuantumToolkit.java:548)
	at javafx.graphics@19.0.2/com.sun.javafx.tk.quantum.QuantumToolkit.lambda$runToolkit$11(QuantumToolkit.java:352)
	at javafx.graphics@19.0.2/com.sun.glass.ui.InvokeLaterDispatcher$Future.run(InvokeLaterDispatcher.java:96)
	at javafx.graphics@19.0.2/com.sun.glass.ui.win.WinApplication._runLoop(Native Method)
	at javafx.graphics@19.0.2/com.sun.glass.ui.win.WinApplication.lambda$runLoop$3(WinApplication.java:184)
	at java.base/java.lang.Thread.run(Thread.java:1589)

14:04:02.091 [JavaFX Application Thread] FATAL FXGLApplication      - Application will now exit
14:04:02.107 [JavaFX Application Thread] DEBUG PrimaryStageWindow   - Push state: ErrorSubScene
14:04:02.107 [JavaFX Application Thread] DEBUG Input                - Clearing active input actions
14:04:02.111 [JavaFX Application Thread] DEBUG GameApplicationServi - Removing overlay from GameScene and adding to ErrorSubScene
14:04:02.111 [JavaFX Application Thread] DEBUG PrimaryStageWindow   - GameScene -> ErrorSubScene
14:04:06.741 [JavaFX Application Thread] DEBUG FXGLApplication      - Exiting FXGL
14:04:06.741 [JavaFX Application Thread] DEBUG Async                - Shutting down background threads
14:04:06.741 [JavaFX Application Thread] DEBUG PrimaryStageWindow   - Closing main window
14:04:06.753 [JavaFX Application Thread] DEBUG Logger               - Closing Logger
