13:57:41.239 [main                     ] DEBUG Logger               - Configured Logger
13:57:41.264 [main                     ] DEBUG GameApplication      - Logging settings
Title: Project TD
Version: 0.0
Width: 800
Height: 800
Fullscreen: false
Intro: false
Profiling: false
Single step:false
App Mode: DEVELOPER
Menu Key: ESCAPE
Stage Style: DECORATED
Scene Factory: class com.almasb.fxgl.app.scene.SceneFactory

13:57:41.642 [JavaFX Application Thread] DEBUG FXGLApplication      - Initializing FXGL
13:57:41.647 [JavaFX Application Thread] INFO  Engine               - FXGL-17.3 (30.03.2023 11.49) on WINDOWS (J:19.0.1 FX:19.0.2)
13:57:41.647 [JavaFX Application Thread] DEBUG Engine               - JRE Vendor Name: Amazon.com Inc.
13:57:41.648 [JavaFX Application Thread] DEBUG Engine               - Running on OS: Windows 11 version 10.0
13:57:41.648 [JavaFX Application Thread] DEBUG Engine               - Architecture: amd64
13:57:41.648 [JavaFX Application Thread] INFO  Engine               - Source code and latest versions at: https://github.com/AlmasB/FXGL
13:57:41.648 [JavaFX Application Thread] INFO  Engine               -       Ask questions and discuss at: https://github.com/AlmasB/FXGL/discussions
13:57:41.648 [JavaFX Application Thread] INFO  Engine               -              Join the FXGL chat at: https://gitter.im/AlmasB/FXGL
13:57:41.764 [JavaFX Application Thread] DEBUG PrimaryStageWindow   - Creating a JavaFX scene
13:57:41.813 [JavaFX Application Thread] DEBUG PrimaryStageWindow   - Target settings size: 800.0 x 800.0
13:57:41.813 [JavaFX Application Thread] DEBUG PrimaryStageWindow   - Scaled scene size:    800.0 x 800.0
13:57:41.813 [JavaFX Application Thread] DEBUG PrimaryStageWindow   - Scaled ratio: (1.0, 1.0)
13:57:41.815 [JavaFX Application Thread] DEBUG PrimaryStageWindow   - Set initial scene to FXGLStartupScene
13:57:41.819 [JavaFX Application Thread] DEBUG PrimaryStageWindow   - Opening main window
13:57:41.933 [JavaFX Application Thread] DEBUG PrimaryStageWindow   - Window border size: (16.0, 39.0)
13:57:41.933 [JavaFX Application Thread] DEBUG PrimaryStageWindow   - Scaled size: 800.0 x 800.0
13:57:41.934 [JavaFX Application Thread] DEBUG PrimaryStageWindow   - Scaled ratio: (1.0, 1.0)
13:57:41.934 [JavaFX Application Thread] DEBUG PrimaryStageWindow   - Scene size: 800.0 x 800.0
13:57:41.934 [JavaFX Application Thread] DEBUG PrimaryStageWindow   - Stage size: 816.0 x 839.0
13:57:41.943 [FXGL Background Thread 1 ] DEBUG Engine               - Initializing environment variables
13:57:42.008 [FXGL Background Thread 1 ] DEBUG FXGLAssetLoaderServi - User app class for loading assets: class com.raxor.td.tdproject.Main
13:57:42.008 [FXGL Background Thread 1 ] DEBUG GameApplicationServi - Applying CSS: fxgl_dark.css
13:57:42.009 [FXGL Background Thread 1 ] DEBUG FXGLAssetLoaderServi - Loading from file system: jar:file:///C:/Users/figue/.m2/repository/com/github/almasb/fxgl/17.3/fxgl-17.3.jar!/fxglassets/ui/css/fxgl_dark.css
13:57:42.061 [FXGL Background Thread 1 ] DEBUG GameApplicationServi - Initializing application scenes
13:57:42.107 [FXGL Background Thread 1 ] DEBUG GameWorld            - Game world initialized
13:57:42.193 [FXGL Background Thread 1 ] DEBUG PhysicsWorld         - Physics world initialized: appHeight=800, physics.ppm=50,0
13:57:42.193 [FXGL Background Thread 1 ] DEBUG PhysicsWorld         - Using strategy: BRUTE_FORCE
13:57:42.199 [FXGL Background Thread 1 ] DEBUG GameScene            - Game scene initialized: 800x800
13:57:42.218 [FXGL Background Thread 1 ] DEBUG FXGL.DefaultMenu     - createMenuBodyGameMenu()
13:57:42.237 [FXGL Background Thread 1 ] DEBUG FXGL.DefaultMenu     - createOptionsMenu()
13:57:42.249 [FXGL Background Thread 1 ] DEBUG FXGLAssetLoaderServi - Loading from file system: jar:file:///C:/Users/figue/.m2/repository/com/github/almasb/fxgl/17.3/fxgl-17.3.jar!/fxglassets/textures/particles/smoke.png
13:57:42.363 [FXGL Background Thread 1 ] DEBUG FXGLAssetLoaderServi - Loading from file system: jar:file:///C:/Users/figue/.m2/repository/com/github/almasb/fxgl/17.3/fxgl-17.3.jar!/fxglassets/textures/particles/trace_horizontal.png
13:57:42.390 [FXGL Background Thread 1 ] DEBUG GameApplicationServi - Application scenes initialized
13:57:42.405 [FXGL Background Thread 1 ] DEBUG SystemBundleService  - Loading FXGL system data
13:57:42.410 [FXGL Background Thread 1 ] DEBUG FileSystemAccess     - Reading from: C:\Users\figue\IdeaProjects\TD-Project\system\fxgl.bundle
13:57:42.420 [FXGL Background Thread 1 ] DEBUG SystemBundleService  - Bundle FXGL: {}
13:57:42.420 [FXGL Background Thread 1 ] DEBUG UpdaterService       - Checking for updates
13:57:42.425 [FXGL Background Thread 4 ] DEBUG FXGLApplication      - Loading fonts
13:57:42.426 [FXGL Background Thread 4 ] DEBUG FXGLAssetLoaderServi - Loading from file system: jar:file:///C:/Users/figue/.m2/repository/com/github/almasb/fxgl/17.3/fxgl-17.3.jar!/fxglassets/ui/fonts/VarelaRound-Regular.ttf
13:57:42.427 [FXGL Background Thread 1 ] DEBUG FXGLApplication      - Loading default localization
13:57:42.428 [FXGL Background Thread 1 ] DEBUG FXGLAssetLoaderServi - Loading from file system: jar:file:///C:/Users/figue/.m2/repository/com/github/almasb/fxgl/17.3/fxgl-17.3.jar!/fxglassets/languages/english.lang
13:57:42.460 [FXGL Background Thread 1 ] INFO  FXGLApplication      - FXGL initialization took: 0,518 sec
13:57:42.462 [JavaFX Application Thread] DEBUG FXGLAssetLoaderServi - Loading from file system: jar:file:///C:/Users/figue/.m2/repository/com/github/almasb/fxgl/17.3/fxgl-17.3.jar!/fxglassets/textures/fxgl_icon.png
13:57:42.478 [JavaFX Application Thread] DEBUG FXGLAssetLoaderServi - Loading from file system: jar:file:///C:/Users/figue/.m2/repository/com/github/almasb/fxgl/17.3/fxgl-17.3.jar!/fxglassets/textures/fxgl_default_cursor.png
13:57:42.489 [FXGL Background Thread 4 ] DEBUG FXGLAssetLoaderServi - Loading from file system: jar:file:///C:/Users/figue/.m2/repository/com/github/almasb/fxgl/17.3/fxgl-17.3.jar!/fxglassets/ui/fonts/Abel-Regular.ttf
13:57:42.495 [JavaFX Application Thread] DEBUG Input                - Registered new binding: Screenshot - CTRL+8
13:57:42.496 [JavaFX Application Thread] DEBUG Input                - Registered new binding: System info dump - CTRL+9
13:57:42.496 [JavaFX Application Thread] DEBUG Input                - Registered new binding: Restart - CTRL+R
13:57:42.497 [FXGL Background Thread 4 ] DEBUG FXGLAssetLoaderServi - Loading from file system: jar:file:///C:/Users/figue/.m2/repository/com/github/almasb/fxgl/17.3/fxgl-17.3.jar!/fxglassets/ui/fonts/TerminalLandMono-Regular.otf
13:57:42.498 [JavaFX Application Thread] DEBUG Input                - Registered new binding: Toggle Debug Camera - CTRL+7
13:57:42.503 [JavaFX Application Thread] DEBUG LoopRunner           - Starting loop
13:57:42.503 [JavaFX Application Thread] DEBUG LoopRunner           - Initializing JavaFX AnimationTimerLoop
13:57:42.504 [FXGL Background Thread 4 ] DEBUG FXGLAssetLoaderServi - Loading from file system: jar:file:///C:/Users/figue/.m2/repository/com/github/almasb/fxgl/17.3/fxgl-17.3.jar!/fxglassets/ui/fonts/Courier-Prime.ttf
13:57:42.506 [JavaFX Application Thread] DEBUG GameApplicationServi - Starting new game
13:57:42.506 [JavaFX Application Thread] DEBUG Input                - Clearing active input actions
13:57:42.516 [JavaFX Application Thread] DEBUG GameApplicationServi - Removing overlay from FXGLStartupScene and adding to FXGLLoadingScene
13:57:42.516 [JavaFX Application Thread] DEBUG PrimaryStageWindow   - FXGLStartupScene -> FXGLLoadingScene
13:57:42.516 [JavaFX Application Thread] DEBUG GameApplicationServi - Clearing previous game
13:57:42.517 [JavaFX Application Thread] DEBUG GameScene            - Clearing game scene
13:57:42.517 [JavaFX Application Thread] DEBUG GameWorld            - Clearing game world
13:57:42.517 [JavaFX Application Thread] DEBUG PhysicsWorld         - Clearing physics world
13:57:42.519 [FXGL Background Thread 4 ] DEBUG FXGLApplication      - Initializing game
13:57:42.532 [FXGL Background Thread 4 ] DEBUG Input                - Registered new binding: spawn_turret - LMB
13:57:42.534 [FXGL Background Thread 4 ] INFO  FXGLApplication      - Game initialization took: 0,015 sec
13:57:42.563 [JavaFX Application Thread] DEBUG FXGLApplication      - Registering font factories with UI factory
13:57:42.569 [JavaFX Application Thread] DEBUG Input                - Clearing active input actions
13:57:42.573 [JavaFX Application Thread] DEBUG GameApplicationServi - Removing overlay from FXGLLoadingScene and adding to GameScene
13:57:42.573 [JavaFX Application Thread] DEBUG PrimaryStageWindow   - FXGLLoadingScene -> GameScene
13:57:43.001 [FXGL Background Thread 2 ] INFO  UpdaterService       - Your current version:  17.3
13:57:43.001 [FXGL Background Thread 2 ] INFO  UpdaterService       - Latest stable version: 21.1
13:57:43.565 [JavaFX Application Thread] DEBUG LoopRunner           - Stopping loop
13:57:43.567 [JavaFX Application Thread] FATAL FXGLApplication      - Uncaught Exception:
java.lang.IllegalArgumentException: No EntityFactory has a method annotated @Spawns(big_zombie_mob)
	at com.almasb.fxgl.entity@17.3/com.almasb.fxgl.entity.GameWorld.create(GameWorld.kt:413)
	at com.almasb.fxgl.entity@17.3/com.almasb.fxgl.entity.GameWorld.spawn(GameWorld.kt:396)
	at com.almasb.fxgl.entity@17.3/com.almasb.fxgl.entity.GameWorld.spawn(GameWorld.kt:384)
	at com.almasb.fxgl.all@17.3/com.almasb.fxgl.dsl.FXGL$Companion.spawn(FXGL.kt:557)
	at com.almasb.fxgl.all@17.3/com.almasb.fxgl.dsl.FXGL.spawn(FXGL.kt)
	at com.raxor.td.tdproject/com.raxor.td.tdproject.Main.lambda$initGame$0(Main.java:60)
	at com.almasb.fxgl.core@17.3/com.almasb.fxgl.time.TimerAction.update(TimerAction.kt:69)
	at com.almasb.fxgl.core@17.3/com.almasb.fxgl.time.Timer.update(Timer.kt:38)
	at com.almasb.fxgl.scene@17.3/com.almasb.fxgl.scene.Scene.update(Scene.kt:104)
	at com.almasb.fxgl.all@17.3/com.almasb.fxgl.app.MainWindow$update$1.invoke(MainWindow.kt:115)
	at com.almasb.fxgl.all@17.3/com.almasb.fxgl.app.MainWindow$update$1.invoke(MainWindow.kt:115)
	at com.almasb.fxgl.core@17.3/com.almasb.fxgl.core.fsm.StateMachine.runOnActiveStates(StateMachine.kt:69)
	at com.almasb.fxgl.all@17.3/com.almasb.fxgl.app.MainWindow.update(MainWindow.kt:115)
	at com.almasb.fxgl.all@17.3/com.almasb.fxgl.app.FXGLApplication$GameApplicationService.onUpdate(FXGLApplication.kt:426)
	at com.almasb.fxgl.all@17.3/com.almasb.fxgl.app.Engine.loop(Engine.kt:134)
	at com.almasb.fxgl.all@17.3/com.almasb.fxgl.app.Engine.access$loop(Engine.kt:24)
	at com.almasb.fxgl.all@17.3/com.almasb.fxgl.app.Engine$loop$1.invoke(Engine.kt:28)
	at com.almasb.fxgl.all@17.3/com.almasb.fxgl.app.Engine$loop$1.invoke(Engine.kt:28)
	at com.almasb.fxgl.all@17.3/com.almasb.fxgl.app.LoopRunner.frame(LoopRunner.kt:103)
	at com.almasb.fxgl.all@17.3/com.almasb.fxgl.app.LoopRunner.access$frame(LoopRunner.kt:23)
	at com.almasb.fxgl.all@17.3/com.almasb.fxgl.app.LoopRunner$impl$2$1.onTick(LoopRunner.kt:57)
	at com.almasb.fxgl.all@17.3/com.almasb.fxgl.app.AnimationTimerLoop$timer$1.handle(LoopRunner.kt:137)
	at javafx.graphics@19.0.2/javafx.animation.AnimationTimer$AnimationTimerReceiver.lambda$handle$0(AnimationTimer.java:58)
	at java.base/java.security.AccessController.doPrivileged(AccessController.java:399)
	at javafx.graphics@19.0.2/javafx.animation.AnimationTimer$AnimationTimerReceiver.handle(AnimationTimer.java:57)
	at javafx.graphics@19.0.2/com.sun.scenario.animation.AbstractPrimaryTimer.timePulseImpl(AbstractPrimaryTimer.java:356)
	at javafx.graphics@19.0.2/com.sun.scenario.animation.AbstractPrimaryTimer$MainLoop.run(AbstractPrimaryTimer.java:266)
	at javafx.graphics@19.0.2/com.sun.javafx.tk.quantum.QuantumToolkit.pulse(QuantumToolkit.java:571)
	at javafx.graphics@19.0.2/com.sun.javafx.tk.quantum.QuantumToolkit.pulse(QuantumToolkit.java:555)
	at javafx.graphics@19.0.2/com.sun.javafx.tk.quantum.QuantumToolkit.pulseFromQueue(QuantumToolkit.java:548)
	at javafx.graphics@19.0.2/com.sun.javafx.tk.quantum.QuantumToolkit.lambda$runToolkit$11(QuantumToolkit.java:352)
	at javafx.graphics@19.0.2/com.sun.glass.ui.InvokeLaterDispatcher$Future.run(InvokeLaterDispatcher.java:96)
	at javafx.graphics@19.0.2/com.sun.glass.ui.win.WinApplication._runLoop(Native Method)
	at javafx.graphics@19.0.2/com.sun.glass.ui.win.WinApplication.lambda$runLoop$3(WinApplication.java:184)
	at java.base/java.lang.Thread.run(Thread.java:1589)

13:57:43.567 [JavaFX Application Thread] FATAL FXGLApplication      - Application will now exit
13:57:43.585 [JavaFX Application Thread] DEBUG PrimaryStageWindow   - Push state: ErrorSubScene
13:57:43.585 [JavaFX Application Thread] DEBUG Input                - Clearing active input actions
13:57:43.589 [JavaFX Application Thread] DEBUG GameApplicationServi - Removing overlay from GameScene and adding to ErrorSubScene
13:57:43.590 [JavaFX Application Thread] DEBUG PrimaryStageWindow   - GameScene -> ErrorSubScene
13:57:45.423 [FXGL Background Thread 3 ] DEBUG Engine               - Logging environment variables
13:57:45.424 [FXGL Background Thread 3 ] DEBUG Engine               - achievements: []
13:57:45.424 [FXGL Background Thread 3 ] DEBUG Engine               - actualHeight: 800.0
13:57:45.424 [FXGL Background Thread 3 ] DEBUG Engine               - actualHeightProperty: ReadOnlyDoubleProperty [value: 800.0]
13:57:45.424 [FXGL Background Thread 3 ] DEBUG Engine               - actualWidth: 800.0
13:57:45.424 [FXGL Background Thread 3 ] DEBUG Engine               - actualWidthProperty: ReadOnlyDoubleProperty [value: 800.0]
13:57:45.424 [FXGL Background Thread 3 ] DEBUG Engine               - appIcon: fxgl_icon.png
13:57:45.424 [FXGL Background Thread 3 ] DEBUG Engine               - applicationMode: DEVELOPER
13:57:45.424 [FXGL Background Thread 3 ] DEBUG Engine               - cSSList: [fxgl_dark.css]
13:57:45.424 [FXGL Background Thread 3 ] DEBUG Engine               - collisionDetectionStrategy: BRUTE_FORCE
13:57:45.424 [FXGL Background Thread 3 ] DEBUG Engine               - configClass: Optional.empty
13:57:45.424 [FXGL Background Thread 3 ] DEBUG Engine               - credits: []
13:57:45.425 [FXGL Background Thread 3 ] DEBUG Engine               - defaultCursor: CursorInfo(imageName=fxgl_default_cursor.png, hotspotX=7.0, hotspotY=6.0)
13:57:45.425 [FXGL Background Thread 3 ] DEBUG Engine               - devBBoxColorProperty: ObjectProperty [value: 0xff0000ff]
13:57:45.425 [FXGL Background Thread 3 ] DEBUG Engine               - devEnableDebugCameraProperty: BooleanProperty [value: false]
13:57:45.425 [FXGL Background Thread 3 ] DEBUG Engine               - devSensorColorProperty: ObjectProperty [value: 0xffff00ff]
13:57:45.425 [FXGL Background Thread 3 ] DEBUG Engine               - devShowBBoxProperty: BooleanProperty [value: false]
13:57:45.425 [FXGL Background Thread 3 ] DEBUG Engine               - devShowPositionProperty: BooleanProperty [value: false]
13:57:45.425 [FXGL Background Thread 3 ] DEBUG Engine               - enabledMenuItems: []
13:57:45.425 [FXGL Background Thread 3 ] DEBUG Engine               - engineServices: [class com.almasb.fxgl.app.services.FXGLAssetLoaderService, class com.almasb.fxgl.app.FXGLApplication$GameApplicationService, class com.almasb.fxgl.app.services.FXGLDialogService, class com.almasb.fxgl.app.services.IOTaskExecutorService, class com.almasb.fxgl.io.FileSystemService, class com.almasb.fxgl.localization.LocalizationService, class com.almasb.fxgl.app.services.SystemBundleService, class com.almasb.fxgl.profile.SaveLoadService, class com.almasb.fxgl.ui.FXGLUIFactoryServiceProvider, class com.almasb.fxgl.ui.FXGLDialogFactoryServiceProvider, class com.almasb.fxgl.audio.AudioPlayer, class com.almasb.fxgl.notification.impl.NotificationServiceProvider, class com.almasb.fxgl.achievement.AchievementService, class com.almasb.fxgl.cutscene.CutsceneService, class com.almasb.fxgl.minigames.MiniGameService, class com.almasb.fxgl.net.NetService, class com.almasb.fxgl.app.services.UpdaterService, class com.almasb.fxgl.dev.DevService]
13:57:45.425 [FXGL Background Thread 3 ] DEBUG Engine               - fontGame: Abel-Regular.ttf
13:57:45.425 [FXGL Background Thread 3 ] DEBUG Engine               - fontMono: TerminalLandMono-Regular.otf
13:57:45.425 [FXGL Background Thread 3 ] DEBUG Engine               - fontSizeScaleUI: 1.0
13:57:45.425 [FXGL Background Thread 3 ] DEBUG Engine               - fontText: Courier-Prime.ttf
13:57:45.425 [FXGL Background Thread 3 ] DEBUG Engine               - fontUI: VarelaRound-Regular.ttf
13:57:45.425 [FXGL Background Thread 3 ] DEBUG Engine               - fullScreen: BooleanProperty [value: false]
13:57:45.425 [FXGL Background Thread 3 ] DEBUG Engine               - gameDifficulty: MEDIUM
13:57:45.425 [FXGL Background Thread 3 ] DEBUG Engine               - gameDifficultyProperty: ObjectProperty [value: MEDIUM]
13:57:45.425 [FXGL Background Thread 3 ] DEBUG Engine               - globalMusicVolume: 0.5
13:57:45.426 [FXGL Background Thread 3 ] DEBUG Engine               - globalMusicVolumeProperty: DoubleProperty [value: 0.5]
13:57:45.426 [FXGL Background Thread 3 ] DEBUG Engine               - globalSoundVolume: 0.5
13:57:45.426 [FXGL Background Thread 3 ] DEBUG Engine               - globalSoundVolumeProperty: DoubleProperty [value: 0.5]
13:57:45.426 [FXGL Background Thread 3 ] DEBUG Engine               - height: 800
13:57:45.426 [FXGL Background Thread 3 ] DEBUG Engine               - is3D: false
13:57:45.426 [FXGL Background Thread 3 ] DEBUG Engine               - isAndroid: false
13:57:45.426 [FXGL Background Thread 3 ] DEBUG Engine               - isBrowser: false
13:57:45.426 [FXGL Background Thread 3 ] DEBUG Engine               - isClickFeedbackEnabled: false
13:57:45.426 [FXGL Background Thread 3 ] DEBUG Engine               - isCloseConfirmation: false
13:57:45.426 [FXGL Background Thread 3 ] DEBUG Engine               - isDesktop: true
13:57:45.426 [FXGL Background Thread 3 ] DEBUG Engine               - isDeveloperMenuEnabled: false
13:57:45.426 [FXGL Background Thread 3 ] DEBUG Engine               - isEmbedded: false
13:57:45.427 [FXGL Background Thread 3 ] DEBUG Engine               - isEntityPreloadEnabled: true
13:57:45.427 [FXGL Background Thread 3 ] DEBUG Engine               - isExperimentalTiledLargeMap: false
13:57:45.427 [FXGL Background Thread 3 ] DEBUG Engine               - isFileSystemWriteAllowed: true
13:57:45.427 [FXGL Background Thread 3 ] DEBUG Engine               - isFullScreenAllowed: false
13:57:45.427 [FXGL Background Thread 3 ] DEBUG Engine               - isFullScreenFromStart: false
13:57:45.427 [FXGL Background Thread 3 ] DEBUG Engine               - isGameMenuEnabled: true
13:57:45.427 [FXGL Background Thread 3 ] DEBUG Engine               - isIOS: false
13:57:45.427 [FXGL Background Thread 3 ] DEBUG Engine               - isIntroEnabled: false
13:57:45.427 [FXGL Background Thread 3 ] DEBUG Engine               - isLinux: false
13:57:45.427 [FXGL Background Thread 3 ] DEBUG Engine               - isMac: false
13:57:45.427 [FXGL Background Thread 3 ] DEBUG Engine               - isMainMenuEnabled: false
13:57:45.427 [FXGL Background Thread 3 ] DEBUG Engine               - isManualResizeEnabled: false
13:57:45.427 [FXGL Background Thread 3 ] DEBUG Engine               - isMobile: false
13:57:45.427 [FXGL Background Thread 3 ] DEBUG Engine               - isNative: false
13:57:45.427 [FXGL Background Thread 3 ] DEBUG Engine               - isPauseMusicWhenMinimized: true
13:57:45.427 [FXGL Background Thread 3 ] DEBUG Engine               - isPreserveResizeRatio: false
13:57:45.427 [FXGL Background Thread 3 ] DEBUG Engine               - isProfilingEnabled: false
13:57:45.427 [FXGL Background Thread 3 ] DEBUG Engine               - isScaleAffectedOnResize: true
13:57:45.427 [FXGL Background Thread 3 ] DEBUG Engine               - isSingleStep: false
13:57:45.427 [FXGL Background Thread 3 ] DEBUG Engine               - isUserProfileEnabled: false
13:57:45.427 [FXGL Background Thread 3 ] DEBUG Engine               - isWindows: true
13:57:45.427 [FXGL Background Thread 3 ] DEBUG Engine               - language: ObjectProperty [value: ENGLISH]
13:57:45.427 [FXGL Background Thread 3 ] DEBUG Engine               - menuKey: ESCAPE
13:57:45.427 [FXGL Background Thread 3 ] DEBUG Engine               - mouseSensitivity: 0.2
13:57:45.428 [FXGL Background Thread 3 ] DEBUG Engine               - notificationViewClass: class com.almasb.fxgl.notification.view.XboxNotificationView
13:57:45.428 [FXGL Background Thread 3 ] DEBUG Engine               - pixelsPerMeter: 50.0
13:57:45.428 [FXGL Background Thread 3 ] DEBUG Engine               - platform: WINDOWS
13:57:45.428 [FXGL Background Thread 3 ] DEBUG Engine               - prefHeightProperty: ReadOnlyDoubleProperty [value: 800.0]
13:57:45.428 [FXGL Background Thread 3 ] DEBUG Engine               - prefWidthProperty: ReadOnlyDoubleProperty [value: 800.0]
13:57:45.428 [FXGL Background Thread 3 ] DEBUG Engine               - profileDir: profiles/
13:57:45.428 [FXGL Background Thread 3 ] DEBUG Engine               - profileName: StringProperty [value: DEFAULT]
13:57:45.428 [FXGL Background Thread 3 ] DEBUG Engine               - randomSeed: -1
13:57:45.428 [FXGL Background Thread 3 ] DEBUG Engine               - runtimeInfo: RuntimeInfo(platform=WINDOWS, version=17.3, build=30.03.2023 11.49)
13:57:45.428 [FXGL Background Thread 3 ] DEBUG Engine               - saveFileExt: sav
13:57:45.428 [FXGL Background Thread 3 ] DEBUG Engine               - scaledHeightProp$fxgl: DoubleProperty [bound, value: 800.0]
13:57:45.428 [FXGL Background Thread 3 ] DEBUG Engine               - scaledWidthProp$fxgl: DoubleProperty [bound, value: 800.0]
13:57:45.428 [FXGL Background Thread 3 ] DEBUG Engine               - sceneFactory: com.almasb.fxgl.app.scene.SceneFactory@3c7a9df5
13:57:45.428 [FXGL Background Thread 3 ] DEBUG Engine               - secondsIn24h: 60
13:57:45.428 [FXGL Background Thread 3 ] DEBUG Engine               - soundMenuBack: menu/back.wav
13:57:45.428 [FXGL Background Thread 3 ] DEBUG Engine               - soundMenuPress: menu/press.wav
13:57:45.429 [FXGL Background Thread 3 ] DEBUG Engine               - soundMenuSelect: menu/select.wav
13:57:45.429 [FXGL Background Thread 3 ] DEBUG Engine               - soundNotification: core/notification.wav
13:57:45.429 [FXGL Background Thread 3 ] DEBUG Engine               - stageStyle: DECORATED
13:57:45.429 [FXGL Background Thread 3 ] DEBUG Engine               - supportedLanguages: [ENGLISH, FRENCH, GERMAN, HUNGARIAN, RUSSIAN]
13:57:45.429 [FXGL Background Thread 3 ] DEBUG Engine               - ticksPerSecond: -1
13:57:45.429 [FXGL Background Thread 3 ] DEBUG Engine               - title: Project TD
13:57:45.429 [FXGL Background Thread 3 ] DEBUG Engine               - urlGithub: https://github.com/AlmasB/FXGL
13:57:45.429 [FXGL Background Thread 3 ] DEBUG Engine               - urlLeaderboard: http://fxgl-top.herokuapp.com/
13:57:45.429 [FXGL Background Thread 3 ] DEBUG Engine               - urlPOM: https://raw.githubusercontent.com/AlmasB/FXGL/release/README.md
13:57:45.429 [FXGL Background Thread 3 ] DEBUG Engine               - userAppClass: class com.raxor.td.tdproject.Main
13:57:45.429 [FXGL Background Thread 3 ] DEBUG Engine               - version: 0.0
13:57:45.429 [FXGL Background Thread 3 ] DEBUG Engine               - versionCheckDays: 7
13:57:45.429 [FXGL Background Thread 3 ] DEBUG Engine               - width: 800
13:57:45.429 [FXGL Background Thread 3 ] DEBUG Engine               - Logging services
13:57:45.429 [FXGL Background Thread 3 ] DEBUG Engine               - class com.almasb.fxgl.app.services.FXGLAssetLoaderService
13:57:45.429 [FXGL Background Thread 3 ] DEBUG Engine               - class com.almasb.fxgl.app.FXGLApplication$GameApplicationService
13:57:45.429 [FXGL Background Thread 3 ] DEBUG Engine               - class com.almasb.fxgl.app.services.FXGLDialogService
13:57:45.429 [FXGL Background Thread 3 ] DEBUG Engine               - class com.almasb.fxgl.app.services.IOTaskExecutorService
13:57:45.429 [FXGL Background Thread 3 ] DEBUG Engine               - class com.almasb.fxgl.io.FileSystemService
13:57:45.429 [FXGL Background Thread 3 ] DEBUG Engine               - class com.almasb.fxgl.localization.LocalizationService
13:57:45.429 [FXGL Background Thread 3 ] DEBUG Engine               - class com.almasb.fxgl.app.services.SystemBundleService
13:57:45.429 [FXGL Background Thread 3 ] DEBUG Engine               - class com.almasb.fxgl.profile.SaveLoadService
13:57:45.429 [FXGL Background Thread 3 ] DEBUG Engine               - class com.almasb.fxgl.ui.FXGLUIFactoryServiceProvider
13:57:45.429 [FXGL Background Thread 3 ] DEBUG Engine               - class com.almasb.fxgl.ui.FXGLDialogFactoryServiceProvider
13:57:45.429 [FXGL Background Thread 3 ] DEBUG Engine               - class com.almasb.fxgl.audio.AudioPlayer
13:57:45.430 [FXGL Background Thread 3 ] DEBUG Engine               - class com.almasb.fxgl.notification.impl.NotificationServiceProvider
13:57:45.430 [FXGL Background Thread 3 ] DEBUG Engine               - class com.almasb.fxgl.achievement.AchievementService
13:57:45.430 [FXGL Background Thread 3 ] DEBUG Engine               - class com.almasb.fxgl.cutscene.CutsceneService
13:57:45.430 [FXGL Background Thread 3 ] DEBUG Engine               - class com.almasb.fxgl.minigames.MiniGameService
13:57:45.430 [FXGL Background Thread 3 ] DEBUG Engine               - class com.almasb.fxgl.net.NetService
13:57:45.430 [FXGL Background Thread 3 ] DEBUG Engine               - class com.almasb.fxgl.app.services.UpdaterService
13:57:45.430 [FXGL Background Thread 3 ] DEBUG Engine               - class com.almasb.fxgl.dev.DevService
13:57:49.844 [JavaFX Application Thread] DEBUG FXGLApplication      - Exiting FXGL
13:57:49.844 [JavaFX Application Thread] DEBUG Async                - Shutting down background threads
13:57:49.844 [JavaFX Application Thread] DEBUG PrimaryStageWindow   - Closing main window
13:57:49.856 [JavaFX Application Thread] DEBUG Logger               - Closing Logger
