14:04:32.612 [main                     ] DEBUG Logger               - Configured Logger
14:04:32.641 [main                     ] DEBUG GameApplication      - Logging settings
Title: Project TD
Version: 0.0
Width: 800
Height: 800
Fullscreen: false
Intro: false
Profiling: false
Single step:false
App Mode: DEVELOPER
Menu Key: ESCAPE
Stage Style: DECORATED
Scene Factory: class com.almasb.fxgl.app.scene.SceneFactory

14:04:33.053 [JavaFX Application Thread] DEBUG FXGLApplication      - Initializing FXGL
14:04:33.059 [JavaFX Application Thread] INFO  Engine               - FXGL-17.3 (30.03.2023 11.49) on WINDOWS (J:19.0.1 FX:19.0.2)
14:04:33.060 [JavaFX Application Thread] DEBUG Engine               - JRE Vendor Name: Amazon.com Inc.
14:04:33.060 [JavaFX Application Thread] DEBUG Engine               - Running on OS: Windows 11 version 10.0
14:04:33.060 [JavaFX Application Thread] DEBUG Engine               - Architecture: amd64
14:04:33.060 [JavaFX Application Thread] INFO  Engine               - Source code and latest versions at: https://github.com/AlmasB/FXGL
14:04:33.060 [JavaFX Application Thread] INFO  Engine               -       Ask questions and discuss at: https://github.com/AlmasB/FXGL/discussions
14:04:33.060 [JavaFX Application Thread] INFO  Engine               -              Join the FXGL chat at: https://gitter.im/AlmasB/FXGL
14:04:33.181 [JavaFX Application Thread] DEBUG PrimaryStageWindow   - Creating a JavaFX scene
14:04:33.226 [JavaFX Application Thread] DEBUG PrimaryStageWindow   - Target settings size: 800.0 x 800.0
14:04:33.227 [JavaFX Application Thread] DEBUG PrimaryStageWindow   - Scaled scene size:    800.0 x 800.0
14:04:33.227 [JavaFX Application Thread] DEBUG PrimaryStageWindow   - Scaled ratio: (1.0, 1.0)
14:04:33.228 [JavaFX Application Thread] DEBUG PrimaryStageWindow   - Set initial scene to FXGLStartupScene
14:04:33.232 [JavaFX Application Thread] DEBUG PrimaryStageWindow   - Opening main window
14:04:33.364 [JavaFX Application Thread] DEBUG PrimaryStageWindow   - Window border size: (16.0, 39.0)
14:04:33.365 [JavaFX Application Thread] DEBUG PrimaryStageWindow   - Scaled size: 800.0 x 800.0
14:04:33.365 [JavaFX Application Thread] DEBUG PrimaryStageWindow   - Scaled ratio: (1.0, 1.0)
14:04:33.365 [JavaFX Application Thread] DEBUG PrimaryStageWindow   - Scene size: 800.0 x 800.0
14:04:33.365 [JavaFX Application Thread] DEBUG PrimaryStageWindow   - Stage size: 816.0 x 839.0
14:04:33.376 [FXGL Background Thread 1 ] DEBUG Engine               - Initializing environment variables
14:04:33.444 [FXGL Background Thread 1 ] DEBUG FXGLAssetLoaderServi - User app class for loading assets: class com.raxor.td.tdproject.Main
14:04:33.445 [FXGL Background Thread 1 ] DEBUG GameApplicationServi - Applying CSS: fxgl_dark.css
14:04:33.446 [FXGL Background Thread 1 ] DEBUG FXGLAssetLoaderServi - Loading from file system: jar:file:///C:/Users/figue/.m2/repository/com/github/almasb/fxgl/17.3/fxgl-17.3.jar!/fxglassets/ui/css/fxgl_dark.css
14:04:33.499 [FXGL Background Thread 1 ] DEBUG GameApplicationServi - Initializing application scenes
14:04:33.542 [FXGL Background Thread 1 ] DEBUG GameWorld            - Game world initialized
14:04:33.646 [FXGL Background Thread 1 ] DEBUG PhysicsWorld         - Physics world initialized: appHeight=800, physics.ppm=50,0
14:04:33.646 [FXGL Background Thread 1 ] DEBUG PhysicsWorld         - Using strategy: BRUTE_FORCE
14:04:33.651 [FXGL Background Thread 1 ] DEBUG GameScene            - Game scene initialized: 800x800
14:04:33.668 [FXGL Background Thread 1 ] DEBUG FXGL.DefaultMenu     - createMenuBodyGameMenu()
14:04:33.687 [FXGL Background Thread 1 ] DEBUG FXGL.DefaultMenu     - createOptionsMenu()
14:04:33.699 [FXGL Background Thread 1 ] DEBUG FXGLAssetLoaderServi - Loading from file system: jar:file:///C:/Users/figue/.m2/repository/com/github/almasb/fxgl/17.3/fxgl-17.3.jar!/fxglassets/textures/particles/smoke.png
14:04:33.812 [FXGL Background Thread 1 ] DEBUG FXGLAssetLoaderServi - Loading from file system: jar:file:///C:/Users/figue/.m2/repository/com/github/almasb/fxgl/17.3/fxgl-17.3.jar!/fxglassets/textures/particles/trace_horizontal.png
14:04:33.838 [FXGL Background Thread 1 ] DEBUG GameApplicationServi - Application scenes initialized
14:04:33.857 [FXGL Background Thread 1 ] DEBUG SystemBundleService  - Loading FXGL system data
14:04:33.866 [FXGL Background Thread 1 ] DEBUG FileSystemAccess     - Reading from: C:\Users\figue\IdeaProjects\TD-Project\system\fxgl.bundle
14:04:33.880 [FXGL Background Thread 1 ] DEBUG SystemBundleService  - Bundle FXGL: {}
14:04:33.881 [FXGL Background Thread 1 ] DEBUG UpdaterService       - Checking for updates
14:04:33.887 [FXGL Background Thread 4 ] DEBUG FXGLApplication      - Loading fonts
14:04:33.888 [FXGL Background Thread 4 ] DEBUG FXGLAssetLoaderServi - Loading from file system: jar:file:///C:/Users/figue/.m2/repository/com/github/almasb/fxgl/17.3/fxgl-17.3.jar!/fxglassets/ui/fonts/VarelaRound-Regular.ttf
14:04:33.889 [FXGL Background Thread 1 ] DEBUG FXGLApplication      - Loading default localization
14:04:33.890 [FXGL Background Thread 1 ] DEBUG FXGLAssetLoaderServi - Loading from file system: jar:file:///C:/Users/figue/.m2/repository/com/github/almasb/fxgl/17.3/fxgl-17.3.jar!/fxglassets/languages/english.lang
14:04:33.926 [FXGL Background Thread 1 ] INFO  FXGLApplication      - FXGL initialization took: 0,549 sec
14:04:33.927 [JavaFX Application Thread] DEBUG FXGLAssetLoaderServi - Loading from file system: jar:file:///C:/Users/figue/.m2/repository/com/github/almasb/fxgl/17.3/fxgl-17.3.jar!/fxglassets/textures/fxgl_icon.png
14:04:33.945 [JavaFX Application Thread] DEBUG FXGLAssetLoaderServi - Loading from file system: jar:file:///C:/Users/figue/.m2/repository/com/github/almasb/fxgl/17.3/fxgl-17.3.jar!/fxglassets/textures/fxgl_default_cursor.png
14:04:33.956 [FXGL Background Thread 4 ] DEBUG FXGLAssetLoaderServi - Loading from file system: jar:file:///C:/Users/figue/.m2/repository/com/github/almasb/fxgl/17.3/fxgl-17.3.jar!/fxglassets/ui/fonts/Abel-Regular.ttf
14:04:33.960 [JavaFX Application Thread] DEBUG Input                - Registered new binding: Screenshot - CTRL+8
14:04:33.961 [JavaFX Application Thread] DEBUG Input                - Registered new binding: System info dump - CTRL+9
14:04:33.961 [JavaFX Application Thread] DEBUG Input                - Registered new binding: Restart - CTRL+R
14:04:33.963 [JavaFX Application Thread] DEBUG Input                - Registered new binding: Toggle Debug Camera - CTRL+7
14:04:33.964 [FXGL Background Thread 4 ] DEBUG FXGLAssetLoaderServi - Loading from file system: jar:file:///C:/Users/figue/.m2/repository/com/github/almasb/fxgl/17.3/fxgl-17.3.jar!/fxglassets/ui/fonts/TerminalLandMono-Regular.otf
14:04:33.968 [JavaFX Application Thread] DEBUG LoopRunner           - Starting loop
14:04:33.968 [JavaFX Application Thread] DEBUG LoopRunner           - Initializing JavaFX AnimationTimerLoop
14:04:33.971 [JavaFX Application Thread] DEBUG GameApplicationServi - Starting new game
14:04:33.972 [JavaFX Application Thread] DEBUG Input                - Clearing active input actions
14:04:33.972 [FXGL Background Thread 4 ] DEBUG FXGLAssetLoaderServi - Loading from file system: jar:file:///C:/Users/figue/.m2/repository/com/github/almasb/fxgl/17.3/fxgl-17.3.jar!/fxglassets/ui/fonts/Courier-Prime.ttf
14:04:33.983 [JavaFX Application Thread] DEBUG GameApplicationServi - Removing overlay from FXGLStartupScene and adding to FXGLLoadingScene
14:04:33.984 [JavaFX Application Thread] DEBUG PrimaryStageWindow   - FXGLStartupScene -> FXGLLoadingScene
14:04:33.984 [JavaFX Application Thread] DEBUG GameApplicationServi - Clearing previous game
14:04:33.984 [JavaFX Application Thread] DEBUG GameScene            - Clearing game scene
14:04:33.984 [JavaFX Application Thread] DEBUG GameWorld            - Clearing game world
14:04:33.984 [JavaFX Application Thread] DEBUG PhysicsWorld         - Clearing physics world
14:04:33.986 [FXGL Background Thread 4 ] DEBUG FXGLApplication      - Initializing game
14:04:33.986 [JavaFX Application Thread] DEBUG FXGLApplication      - Registering font factories with UI factory
14:04:34.004 [FXGL Background Thread 4 ] DEBUG Input                - Registered new binding: spawn_turret - LMB
14:04:34.005 [FXGL Background Thread 4 ] INFO  FXGLApplication      - Game initialization took: 0,019 sec
14:04:34.043 [JavaFX Application Thread] DEBUG Input                - Clearing active input actions
14:04:34.050 [JavaFX Application Thread] DEBUG GameApplicationServi - Removing overlay from FXGLLoadingScene and adding to GameScene
14:04:34.050 [JavaFX Application Thread] DEBUG PrimaryStageWindow   - FXGLLoadingScene -> GameScene
14:04:34.387 [FXGL Background Thread 2 ] INFO  UpdaterService       - Your current version:  17.3
14:04:34.387 [FXGL Background Thread 2 ] INFO  UpdaterService       - Latest stable version: 21.1
14:04:35.192 [JavaFX Application Thread] DEBUG FXGLApplication      - Exiting FXGL
14:04:35.192 [JavaFX Application Thread] DEBUG LoopRunner           - Stopping loop
14:04:35.192 [JavaFX Application Thread] DEBUG SystemBundleService  - Saving FXGL system data
14:04:35.194 [JavaFX Application Thread] DEBUG FileSystemAccess     - Writing to: C:\Users\figue\IdeaProjects\TD-Project\system\fxgl.bundle
14:04:35.195 [JavaFX Application Thread] DEBUG Async                - Shutting down background threads
14:04:35.196 [JavaFX Application Thread] DEBUG PrimaryStageWindow   - Closing main window
14:04:35.209 [JavaFX Application Thread] DEBUG Logger               - Closing Logger
