13:47:42.479 [main                     ] DEBUG Logger               - Configured Logger
13:47:42.504 [main                     ] DEBUG GameApplication      - Logging settings
Title: Project TD
Version: 0.0
Width: 800
Height: 800
Fullscreen: false
Intro: false
Profiling: false
Single step:false
App Mode: DEVELOPER
Menu Key: ESCAPE
Stage Style: DECORATED
Scene Factory: class com.almasb.fxgl.app.scene.SceneFactory

13:47:42.875 [JavaFX Application Thread] DEBUG FXGLApplication      - Initializing FXGL
13:47:42.879 [JavaFX Application Thread] INFO  Engine               - FXGL-17.3 (30.03.2023 11.49) on WINDOWS (J:19.0.1 FX:19.0.2)
13:47:42.880 [JavaFX Application Thread] DEBUG Engine               - JRE Vendor Name: Amazon.com Inc.
13:47:42.880 [JavaFX Application Thread] DEBUG Engine               - Running on OS: Windows 11 version 10.0
13:47:42.880 [JavaFX Application Thread] DEBUG Engine               - Architecture: amd64
13:47:42.880 [JavaFX Application Thread] INFO  Engine               - Source code and latest versions at: https://github.com/AlmasB/FXGL
13:47:42.881 [JavaFX Application Thread] INFO  Engine               -       Ask questions and discuss at: https://github.com/AlmasB/FXGL/discussions
13:47:42.881 [JavaFX Application Thread] INFO  Engine               -              Join the FXGL chat at: https://gitter.im/AlmasB/FXGL
13:47:42.998 [JavaFX Application Thread] DEBUG PrimaryStageWindow   - Creating a JavaFX scene
13:47:43.054 [JavaFX Application Thread] DEBUG PrimaryStageWindow   - Target settings size: 800.0 x 800.0
13:47:43.055 [JavaFX Application Thread] DEBUG PrimaryStageWindow   - Scaled scene size:    800.0 x 800.0
13:47:43.055 [JavaFX Application Thread] DEBUG PrimaryStageWindow   - Scaled ratio: (1.0, 1.0)
13:47:43.057 [JavaFX Application Thread] DEBUG PrimaryStageWindow   - Set initial scene to FXGLStartupScene
13:47:43.062 [JavaFX Application Thread] DEBUG PrimaryStageWindow   - Opening main window
13:47:43.195 [JavaFX Application Thread] DEBUG PrimaryStageWindow   - Window border size: (16.0, 39.0)
13:47:43.195 [JavaFX Application Thread] DEBUG PrimaryStageWindow   - Scaled size: 800.0 x 800.0
13:47:43.195 [JavaFX Application Thread] DEBUG PrimaryStageWindow   - Scaled ratio: (1.0, 1.0)
13:47:43.196 [JavaFX Application Thread] DEBUG PrimaryStageWindow   - Scene size: 800.0 x 800.0
13:47:43.196 [JavaFX Application Thread] DEBUG PrimaryStageWindow   - Stage size: 816.0 x 839.0
13:47:43.205 [FXGL Background Thread 1 ] DEBUG Engine               - Initializing environment variables
13:47:43.273 [FXGL Background Thread 1 ] DEBUG FXGLAssetLoaderServi - User app class for loading assets: class com.raxor.td.tdproject.Main
13:47:43.273 [FXGL Background Thread 1 ] DEBUG GameApplicationServi - Applying CSS: fxgl_dark.css
13:47:43.274 [FXGL Background Thread 1 ] DEBUG FXGLAssetLoaderServi - Loading from file system: jar:file:///C:/Users/figue/.m2/repository/com/github/almasb/fxgl/17.3/fxgl-17.3.jar!/fxglassets/ui/css/fxgl_dark.css
13:47:43.332 [FXGL Background Thread 1 ] DEBUG GameApplicationServi - Initializing application scenes
13:47:43.380 [FXGL Background Thread 1 ] DEBUG GameWorld            - Game world initialized
13:47:43.480 [FXGL Background Thread 1 ] DEBUG PhysicsWorld         - Physics world initialized: appHeight=800, physics.ppm=50,0
13:47:43.480 [FXGL Background Thread 1 ] DEBUG PhysicsWorld         - Using strategy: BRUTE_FORCE
13:47:43.488 [FXGL Background Thread 1 ] DEBUG GameScene            - Game scene initialized: 800x800
13:47:43.513 [FXGL Background Thread 1 ] DEBUG FXGL.DefaultMenu     - createMenuBodyGameMenu()
13:47:43.534 [FXGL Background Thread 1 ] DEBUG FXGL.DefaultMenu     - createOptionsMenu()
13:47:43.550 [FXGL Background Thread 1 ] DEBUG FXGLAssetLoaderServi - Loading from file system: jar:file:///C:/Users/figue/.m2/repository/com/github/almasb/fxgl/17.3/fxgl-17.3.jar!/fxglassets/textures/particles/smoke.png
13:47:43.672 [FXGL Background Thread 1 ] DEBUG FXGLAssetLoaderServi - Loading from file system: jar:file:///C:/Users/figue/.m2/repository/com/github/almasb/fxgl/17.3/fxgl-17.3.jar!/fxglassets/textures/particles/trace_horizontal.png
13:47:43.699 [FXGL Background Thread 1 ] DEBUG GameApplicationServi - Application scenes initialized
13:47:43.714 [FXGL Background Thread 1 ] DEBUG SystemBundleService  - Loading FXGL system data
13:47:43.720 [FXGL Background Thread 1 ] DEBUG FileSystemAccess     - Reading from: C:\Users\figue\IdeaProjects\TD-Project\system\fxgl.bundle
13:47:43.731 [FXGL Background Thread 1 ] DEBUG SystemBundleService  - Bundle FXGL: {}
13:47:43.731 [FXGL Background Thread 1 ] DEBUG UpdaterService       - Checking for updates
13:47:43.736 [FXGL Background Thread 4 ] DEBUG FXGLApplication      - Loading fonts
13:47:43.736 [FXGL Background Thread 4 ] DEBUG FXGLAssetLoaderServi - Loading from file system: jar:file:///C:/Users/figue/.m2/repository/com/github/almasb/fxgl/17.3/fxgl-17.3.jar!/fxglassets/ui/fonts/VarelaRound-Regular.ttf
13:47:43.737 [FXGL Background Thread 1 ] DEBUG FXGLApplication      - Loading default localization
13:47:43.738 [FXGL Background Thread 1 ] DEBUG FXGLAssetLoaderServi - Loading from file system: jar:file:///C:/Users/figue/.m2/repository/com/github/almasb/fxgl/17.3/fxgl-17.3.jar!/fxglassets/languages/english.lang
13:47:43.774 [FXGL Background Thread 1 ] INFO  FXGLApplication      - FXGL initialization took: 0,569 sec
13:47:43.776 [JavaFX Application Thread] DEBUG FXGLAssetLoaderServi - Loading from file system: jar:file:///C:/Users/figue/.m2/repository/com/github/almasb/fxgl/17.3/fxgl-17.3.jar!/fxglassets/textures/fxgl_icon.png
13:47:43.791 [JavaFX Application Thread] DEBUG FXGLAssetLoaderServi - Loading from file system: jar:file:///C:/Users/figue/.m2/repository/com/github/almasb/fxgl/17.3/fxgl-17.3.jar!/fxglassets/textures/fxgl_default_cursor.png
13:47:43.800 [FXGL Background Thread 4 ] DEBUG FXGLAssetLoaderServi - Loading from file system: jar:file:///C:/Users/figue/.m2/repository/com/github/almasb/fxgl/17.3/fxgl-17.3.jar!/fxglassets/ui/fonts/Abel-Regular.ttf
13:47:43.805 [JavaFX Application Thread] DEBUG Input                - Registered new binding: Screenshot - CTRL+8
13:47:43.806 [JavaFX Application Thread] DEBUG Input                - Registered new binding: System info dump - CTRL+9
13:47:43.807 [JavaFX Application Thread] DEBUG Input                - Registered new binding: Restart - CTRL+R
13:47:43.808 [JavaFX Application Thread] DEBUG Input                - Registered new binding: Toggle Debug Camera - CTRL+7
13:47:43.809 [FXGL Background Thread 4 ] DEBUG FXGLAssetLoaderServi - Loading from file system: jar:file:///C:/Users/figue/.m2/repository/com/github/almasb/fxgl/17.3/fxgl-17.3.jar!/fxglassets/ui/fonts/TerminalLandMono-Regular.otf
13:47:43.813 [JavaFX Application Thread] DEBUG LoopRunner           - Starting loop
13:47:43.813 [JavaFX Application Thread] DEBUG LoopRunner           - Initializing JavaFX AnimationTimerLoop
13:47:43.816 [JavaFX Application Thread] DEBUG GameApplicationServi - Starting new game
13:47:43.817 [JavaFX Application Thread] DEBUG Input                - Clearing active input actions
13:47:43.819 [FXGL Background Thread 4 ] DEBUG FXGLAssetLoaderServi - Loading from file system: jar:file:///C:/Users/figue/.m2/repository/com/github/almasb/fxgl/17.3/fxgl-17.3.jar!/fxglassets/ui/fonts/Courier-Prime.ttf
13:47:43.829 [JavaFX Application Thread] DEBUG GameApplicationServi - Removing overlay from FXGLStartupScene and adding to FXGLLoadingScene
13:47:43.829 [JavaFX Application Thread] DEBUG PrimaryStageWindow   - FXGLStartupScene -> FXGLLoadingScene
13:47:43.829 [JavaFX Application Thread] DEBUG GameApplicationServi - Clearing previous game
13:47:43.829 [JavaFX Application Thread] DEBUG GameScene            - Clearing game scene
13:47:43.829 [JavaFX Application Thread] DEBUG GameWorld            - Clearing game world
13:47:43.829 [JavaFX Application Thread] DEBUG PhysicsWorld         - Clearing physics world
13:47:43.832 [FXGL Background Thread 4 ] DEBUG FXGLApplication      - Initializing game
13:47:43.848 [FXGL Background Thread 4 ] DEBUG Input                - Registered new binding: spawn_turret - LMB
13:47:43.850 [FXGL Background Thread 4 ] INFO  FXGLApplication      - Game initialization took: 0,018 sec
13:47:43.885 [JavaFX Application Thread] DEBUG FXGLApplication      - Registering font factories with UI factory
13:47:43.888 [JavaFX Application Thread] DEBUG Input                - Clearing active input actions
13:47:43.895 [JavaFX Application Thread] DEBUG GameApplicationServi - Removing overlay from FXGLLoadingScene and adding to GameScene
13:47:43.896 [JavaFX Application Thread] DEBUG PrimaryStageWindow   - FXGLLoadingScene -> GameScene
13:47:44.218 [FXGL Background Thread 2 ] INFO  UpdaterService       - Your current version:  17.3
13:47:44.219 [FXGL Background Thread 2 ] INFO  UpdaterService       - Latest stable version: 21.1
13:47:46.734 [FXGL Background Thread 3 ] DEBUG Engine               - Logging environment variables
13:47:46.735 [FXGL Background Thread 3 ] DEBUG Engine               - achievements: []
13:47:46.735 [FXGL Background Thread 3 ] DEBUG Engine               - actualHeight: 800.0
13:47:46.735 [FXGL Background Thread 3 ] DEBUG Engine               - actualHeightProperty: ReadOnlyDoubleProperty [value: 800.0]
13:47:46.735 [FXGL Background Thread 3 ] DEBUG Engine               - actualWidth: 800.0
13:47:46.735 [FXGL Background Thread 3 ] DEBUG Engine               - actualWidthProperty: ReadOnlyDoubleProperty [value: 800.0]
13:47:46.735 [FXGL Background Thread 3 ] DEBUG Engine               - appIcon: fxgl_icon.png
13:47:46.735 [FXGL Background Thread 3 ] DEBUG Engine               - applicationMode: DEVELOPER
13:47:46.735 [FXGL Background Thread 3 ] DEBUG Engine               - cSSList: [fxgl_dark.css]
13:47:46.735 [FXGL Background Thread 3 ] DEBUG Engine               - collisionDetectionStrategy: BRUTE_FORCE
13:47:46.735 [FXGL Background Thread 3 ] DEBUG Engine               - configClass: Optional.empty
13:47:46.735 [FXGL Background Thread 3 ] DEBUG Engine               - credits: []
13:47:46.736 [FXGL Background Thread 3 ] DEBUG Engine               - defaultCursor: CursorInfo(imageName=fxgl_default_cursor.png, hotspotX=7.0, hotspotY=6.0)
13:47:46.737 [FXGL Background Thread 3 ] DEBUG Engine               - devBBoxColorProperty: ObjectProperty [value: 0xff0000ff]
13:47:46.737 [FXGL Background Thread 3 ] DEBUG Engine               - devEnableDebugCameraProperty: BooleanProperty [value: false]
13:47:46.737 [FXGL Background Thread 3 ] DEBUG Engine               - devSensorColorProperty: ObjectProperty [value: 0xffff00ff]
13:47:46.737 [FXGL Background Thread 3 ] DEBUG Engine               - devShowBBoxProperty: BooleanProperty [value: false]
13:47:46.737 [FXGL Background Thread 3 ] DEBUG Engine               - devShowPositionProperty: BooleanProperty [value: false]
13:47:46.737 [FXGL Background Thread 3 ] DEBUG Engine               - enabledMenuItems: []
13:47:46.737 [FXGL Background Thread 3 ] DEBUG Engine               - engineServices: [class com.almasb.fxgl.app.services.FXGLAssetLoaderService, class com.almasb.fxgl.app.FXGLApplication$GameApplicationService, class com.almasb.fxgl.app.services.FXGLDialogService, class com.almasb.fxgl.app.services.IOTaskExecutorService, class com.almasb.fxgl.io.FileSystemService, class com.almasb.fxgl.localization.LocalizationService, class com.almasb.fxgl.app.services.SystemBundleService, class com.almasb.fxgl.profile.SaveLoadService, class com.almasb.fxgl.ui.FXGLUIFactoryServiceProvider, class com.almasb.fxgl.ui.FXGLDialogFactoryServiceProvider, class com.almasb.fxgl.audio.AudioPlayer, class com.almasb.fxgl.notification.impl.NotificationServiceProvider, class com.almasb.fxgl.achievement.AchievementService, class com.almasb.fxgl.cutscene.CutsceneService, class com.almasb.fxgl.minigames.MiniGameService, class com.almasb.fxgl.net.NetService, class com.almasb.fxgl.app.services.UpdaterService, class com.almasb.fxgl.dev.DevService]
13:47:46.737 [FXGL Background Thread 3 ] DEBUG Engine               - fontGame: Abel-Regular.ttf
13:47:46.737 [FXGL Background Thread 3 ] DEBUG Engine               - fontMono: TerminalLandMono-Regular.otf
13:47:46.737 [FXGL Background Thread 3 ] DEBUG Engine               - fontSizeScaleUI: 1.0
13:47:46.737 [FXGL Background Thread 3 ] DEBUG Engine               - fontText: Courier-Prime.ttf
13:47:46.737 [FXGL Background Thread 3 ] DEBUG Engine               - fontUI: VarelaRound-Regular.ttf
13:47:46.737 [FXGL Background Thread 3 ] DEBUG Engine               - fullScreen: BooleanProperty [value: false]
13:47:46.738 [FXGL Background Thread 3 ] DEBUG Engine               - gameDifficulty: MEDIUM
13:47:46.738 [FXGL Background Thread 3 ] DEBUG Engine               - gameDifficultyProperty: ObjectProperty [value: MEDIUM]
13:47:46.738 [FXGL Background Thread 3 ] DEBUG Engine               - globalMusicVolume: 0.5
13:47:46.738 [FXGL Background Thread 3 ] DEBUG Engine               - globalMusicVolumeProperty: DoubleProperty [value: 0.5]
13:47:46.738 [FXGL Background Thread 3 ] DEBUG Engine               - globalSoundVolume: 0.5
13:47:46.738 [FXGL Background Thread 3 ] DEBUG Engine               - globalSoundVolumeProperty: DoubleProperty [value: 0.5]
13:47:46.738 [FXGL Background Thread 3 ] DEBUG Engine               - height: 800
13:47:46.738 [FXGL Background Thread 3 ] DEBUG Engine               - is3D: false
13:47:46.738 [FXGL Background Thread 3 ] DEBUG Engine               - isAndroid: false
13:47:46.738 [FXGL Background Thread 3 ] DEBUG Engine               - isBrowser: false
13:47:46.738 [FXGL Background Thread 3 ] DEBUG Engine               - isClickFeedbackEnabled: false
13:47:46.738 [FXGL Background Thread 3 ] DEBUG Engine               - isCloseConfirmation: false
13:47:46.738 [FXGL Background Thread 3 ] DEBUG Engine               - isDesktop: true
13:47:46.738 [FXGL Background Thread 3 ] DEBUG Engine               - isDeveloperMenuEnabled: false
13:47:46.739 [FXGL Background Thread 3 ] DEBUG Engine               - isEmbedded: false
13:47:46.739 [FXGL Background Thread 3 ] DEBUG Engine               - isEntityPreloadEnabled: true
13:47:46.739 [FXGL Background Thread 3 ] DEBUG Engine               - isExperimentalTiledLargeMap: false
13:47:46.739 [FXGL Background Thread 3 ] DEBUG Engine               - isFileSystemWriteAllowed: true
13:47:46.739 [FXGL Background Thread 3 ] DEBUG Engine               - isFullScreenAllowed: false
13:47:46.739 [FXGL Background Thread 3 ] DEBUG Engine               - isFullScreenFromStart: false
13:47:46.739 [FXGL Background Thread 3 ] DEBUG Engine               - isGameMenuEnabled: true
13:47:46.739 [FXGL Background Thread 3 ] DEBUG Engine               - isIOS: false
13:47:46.739 [FXGL Background Thread 3 ] DEBUG Engine               - isIntroEnabled: false
13:47:46.739 [FXGL Background Thread 3 ] DEBUG Engine               - isLinux: false
13:47:46.739 [FXGL Background Thread 3 ] DEBUG Engine               - isMac: false
13:47:46.739 [FXGL Background Thread 3 ] DEBUG Engine               - isMainMenuEnabled: false
13:47:46.739 [FXGL Background Thread 3 ] DEBUG Engine               - isManualResizeEnabled: false
13:47:46.739 [FXGL Background Thread 3 ] DEBUG Engine               - isMobile: false
13:47:46.739 [FXGL Background Thread 3 ] DEBUG Engine               - isNative: false
13:47:46.739 [FXGL Background Thread 3 ] DEBUG Engine               - isPauseMusicWhenMinimized: true
13:47:46.740 [FXGL Background Thread 3 ] DEBUG Engine               - isPreserveResizeRatio: false
13:47:46.740 [FXGL Background Thread 3 ] DEBUG Engine               - isProfilingEnabled: false
13:47:46.740 [FXGL Background Thread 3 ] DEBUG Engine               - isScaleAffectedOnResize: true
13:47:46.740 [FXGL Background Thread 3 ] DEBUG Engine               - isSingleStep: false
13:47:46.740 [FXGL Background Thread 3 ] DEBUG Engine               - isUserProfileEnabled: false
13:47:46.740 [FXGL Background Thread 3 ] DEBUG Engine               - isWindows: true
13:47:46.740 [FXGL Background Thread 3 ] DEBUG Engine               - language: ObjectProperty [value: ENGLISH]
13:47:46.740 [FXGL Background Thread 3 ] DEBUG Engine               - menuKey: ESCAPE
13:47:46.740 [FXGL Background Thread 3 ] DEBUG Engine               - mouseSensitivity: 0.2
13:47:46.740 [FXGL Background Thread 3 ] DEBUG Engine               - notificationViewClass: class com.almasb.fxgl.notification.view.XboxNotificationView
13:47:46.740 [FXGL Background Thread 3 ] DEBUG Engine               - pixelsPerMeter: 50.0
13:47:46.740 [FXGL Background Thread 3 ] DEBUG Engine               - platform: WINDOWS
13:47:46.740 [FXGL Background Thread 3 ] DEBUG Engine               - prefHeightProperty: ReadOnlyDoubleProperty [value: 800.0]
13:47:46.740 [FXGL Background Thread 3 ] DEBUG Engine               - prefWidthProperty: ReadOnlyDoubleProperty [value: 800.0]
13:47:46.740 [FXGL Background Thread 3 ] DEBUG Engine               - profileDir: profiles/
13:47:46.740 [FXGL Background Thread 3 ] DEBUG Engine               - profileName: StringProperty [value: DEFAULT]
13:47:46.740 [FXGL Background Thread 3 ] DEBUG Engine               - randomSeed: -1
13:47:46.741 [FXGL Background Thread 3 ] DEBUG Engine               - runtimeInfo: RuntimeInfo(platform=WINDOWS, version=17.3, build=30.03.2023 11.49)
13:47:46.741 [FXGL Background Thread 3 ] DEBUG Engine               - saveFileExt: sav
13:47:46.741 [FXGL Background Thread 3 ] DEBUG Engine               - scaledHeightProp$fxgl: DoubleProperty [bound, value: 800.0]
13:47:46.741 [FXGL Background Thread 3 ] DEBUG Engine               - scaledWidthProp$fxgl: DoubleProperty [bound, value: 800.0]
13:47:46.741 [FXGL Background Thread 3 ] DEBUG Engine               - sceneFactory: com.almasb.fxgl.app.scene.SceneFactory@bd5d2f0
13:47:46.741 [FXGL Background Thread 3 ] DEBUG Engine               - secondsIn24h: 60
13:47:46.741 [FXGL Background Thread 3 ] DEBUG Engine               - soundMenuBack: menu/back.wav
13:47:46.741 [FXGL Background Thread 3 ] DEBUG Engine               - soundMenuPress: menu/press.wav
13:47:46.741 [FXGL Background Thread 3 ] DEBUG Engine               - soundMenuSelect: menu/select.wav
13:47:46.741 [FXGL Background Thread 3 ] DEBUG Engine               - soundNotification: core/notification.wav
13:47:46.741 [FXGL Background Thread 3 ] DEBUG Engine               - stageStyle: DECORATED
13:47:46.741 [FXGL Background Thread 3 ] DEBUG Engine               - supportedLanguages: [ENGLISH, FRENCH, GERMAN, HUNGARIAN, RUSSIAN]
13:47:46.741 [FXGL Background Thread 3 ] DEBUG Engine               - ticksPerSecond: -1
13:47:46.741 [FXGL Background Thread 3 ] DEBUG Engine               - title: Project TD
13:47:46.741 [FXGL Background Thread 3 ] DEBUG Engine               - urlGithub: https://github.com/AlmasB/FXGL
13:47:46.741 [FXGL Background Thread 3 ] DEBUG Engine               - urlLeaderboard: http://fxgl-top.herokuapp.com/
13:47:46.741 [FXGL Background Thread 3 ] DEBUG Engine               - urlPOM: https://raw.githubusercontent.com/AlmasB/FXGL/release/README.md
13:47:46.741 [FXGL Background Thread 3 ] DEBUG Engine               - userAppClass: class com.raxor.td.tdproject.Main
13:47:46.742 [FXGL Background Thread 3 ] DEBUG Engine               - version: 0.0
13:47:46.742 [FXGL Background Thread 3 ] DEBUG Engine               - versionCheckDays: 7
13:47:46.742 [FXGL Background Thread 3 ] DEBUG Engine               - width: 800
13:47:46.742 [FXGL Background Thread 3 ] DEBUG Engine               - Logging services
13:47:46.742 [FXGL Background Thread 3 ] DEBUG Engine               - class com.almasb.fxgl.app.services.FXGLAssetLoaderService
13:47:46.742 [FXGL Background Thread 3 ] DEBUG Engine               - class com.almasb.fxgl.app.FXGLApplication$GameApplicationService
13:47:46.742 [FXGL Background Thread 3 ] DEBUG Engine               - class com.almasb.fxgl.app.services.FXGLDialogService
13:47:46.742 [FXGL Background Thread 3 ] DEBUG Engine               - class com.almasb.fxgl.app.services.IOTaskExecutorService
13:47:46.742 [FXGL Background Thread 3 ] DEBUG Engine               - class com.almasb.fxgl.io.FileSystemService
13:47:46.742 [FXGL Background Thread 3 ] DEBUG Engine               - class com.almasb.fxgl.localization.LocalizationService
13:47:46.742 [FXGL Background Thread 3 ] DEBUG Engine               - class com.almasb.fxgl.app.services.SystemBundleService
13:47:46.742 [FXGL Background Thread 3 ] DEBUG Engine               - class com.almasb.fxgl.profile.SaveLoadService
13:47:46.742 [FXGL Background Thread 3 ] DEBUG Engine               - class com.almasb.fxgl.ui.FXGLUIFactoryServiceProvider
13:47:46.742 [FXGL Background Thread 3 ] DEBUG Engine               - class com.almasb.fxgl.ui.FXGLDialogFactoryServiceProvider
13:47:46.742 [FXGL Background Thread 3 ] DEBUG Engine               - class com.almasb.fxgl.audio.AudioPlayer
13:47:46.742 [FXGL Background Thread 3 ] DEBUG Engine               - class com.almasb.fxgl.notification.impl.NotificationServiceProvider
13:47:46.742 [FXGL Background Thread 3 ] DEBUG Engine               - class com.almasb.fxgl.achievement.AchievementService
13:47:46.742 [FXGL Background Thread 3 ] DEBUG Engine               - class com.almasb.fxgl.cutscene.CutsceneService
13:47:46.742 [FXGL Background Thread 3 ] DEBUG Engine               - class com.almasb.fxgl.minigames.MiniGameService
13:47:46.742 [FXGL Background Thread 3 ] DEBUG Engine               - class com.almasb.fxgl.net.NetService
13:47:46.742 [FXGL Background Thread 3 ] DEBUG Engine               - class com.almasb.fxgl.app.services.UpdaterService
13:47:46.742 [FXGL Background Thread 3 ] DEBUG Engine               - class com.almasb.fxgl.dev.DevService
13:48:46.988 [JavaFX Application Thread] DEBUG FXGLApplication      - Exiting FXGL
13:48:46.988 [JavaFX Application Thread] DEBUG LoopRunner           - Stopping loop
13:48:46.988 [JavaFX Application Thread] DEBUG SystemBundleService  - Saving FXGL system data
13:48:46.991 [JavaFX Application Thread] DEBUG FileSystemAccess     - Writing to: C:\Users\figue\IdeaProjects\TD-Project\system\fxgl.bundle
13:48:46.993 [JavaFX Application Thread] DEBUG Async                - Shutting down background threads
13:48:46.993 [JavaFX Application Thread] DEBUG PrimaryStageWindow   - Closing main window
13:48:47.008 [JavaFX Application Thread] DEBUG Logger               - Closing Logger
